<?xml version="1.0" encoding="UTF-8"?>
<!-- Generated by org.testng.reporters.JUnitReportReporter -->
<testsuite hostname="LAPTOP-DA342PVM" failures="0" tests="1" name="com.appname.tests.APITest1" time="9.925" errors="0" timestamp="2020-11-19T13:18:45 IST" skipped="0">
  <testcase classname="com.appname.tests.APITest1" name="f" time="9.925"/>
  <system-out/>
</testsuite> <!-- com.appname.tests.APITest1 -->
