<?xml version="1.0" encoding="UTF-8"?>
<!-- Generated by org.testng.reporters.JUnitReportReporter -->
<testsuite hostname="HP" failures="0" tests="1" name="com.appname.tests.NewTest" time="45.414" errors="0" timestamp="2020-10-30T19:26:14 IST" skipped="0">
  <testcase classname="com.appname.tests.NewTest" name="TC02" time="45.414"/>
  <system-out>
Chrome browser opened and url 'https://www.saucedemo.com/' is entered in the browser Entered user name as standard_user Entered password as secret_sauce Clicked on Login button PASS - Products page is displayed Product is selected and add to cart button is clicked PASS - Cart is displayed PASS - Selected item is displayed in the cart PASS - Total amount displayed matches with product cost Order placed successfully Logout button is clicked PASS - User is logged out and Swag labs login page is displayed  </system-out>
</testsuite> <!-- com.appname.tests.NewTest -->
